빌드 시작: 2017-05-21 오후 11:13:37
     1>2 노드의 "C:\Users\User\Desktop\공부\문제해결기법\600LABHW(다항식)\LAB(다항식표현방법01)\LAB(다항식표현방법01).vcxproj" 프로젝트(rebuild 대상)입니다.
     1>_PrepareForClean:
         "Debug\LAB(다항식표현방법01).lastbuildstate" 파일을 삭제하고 있습니다.
       InitializeBuildStatus:
         "AlwaysCreate"이(가) 지정되었기 때문에 "Debug\LAB(다항식표현방법01).unsuccessfulbuild"을(를) 만들고 있습니다.
       ClCompile:
         C:\Program Files (x86)\Microsoft Visual Studio 10.0\VC\bin\CL.exe /c /ZI /nologo /W3 /WX- /Od /Oy- /D WIN32 /D _DEBUG /D _CONSOLE /D _UNICODE /D UNICODE /Gm /EHsc /RTC1 /MDd /GS /fp:precise /Zc:wchar_t /Zc:forScope /Fo"Debug\\" /Fd"Debug\vc100.pdb" /Gd /TC /analyze- /errorReport:prompt "LAB(다항식표현방법01).c"
         LAB(다항식표현방법01).c
       ManifestResourceCompile:
         C:\Program Files (x86)\Microsoft SDKs\Windows\v7.0A\bin\rc.exe /nologo /fo"Debug\LAB(다항식표현방법01).exe.embed.manifest.res" "Debug\LAB(다항식표현방법01)_manifest.rc" 
       Link:
         C:\Program Files (x86)\Microsoft Visual Studio 10.0\VC\bin\link.exe /ERRORREPORT:PROMPT /OUT:"C:\Users\User\Desktop\공부\문제해결기법\600LABHW(다항식)\Debug\LAB(다항식표현방법01).exe" /INCREMENTAL /NOLOGO kernel32.lib user32.lib gdi32.lib winspool.lib comdlg32.lib advapi32.lib shell32.lib ole32.lib oleaut32.lib uuid.lib odbc32.lib odbccp32.lib /MANIFEST /ManifestFile:"Debug\LAB(다항식표현방법01).exe.intermediate.manifest" /MANIFESTUAC:"level='asInvoker' uiAccess='false'" /DEBUG /PDB:"C:\Users\User\Desktop\공부\문제해결기법\600LABHW(다항식)\Debug\LAB(다항식표현방법01).pdb" /SUBSYSTEM:CONSOLE /TLBID:1 /DYNAMICBASE /NXCOMPAT /IMPLIB:"C:\Users\User\Desktop\공부\문제해결기법\600LABHW(다항식)\Debug\LAB(다항식표현방법01).lib" /MACHINE:X86 "Debug\LAB(다항식표현방법01).exe.embed.manifest.res"
         "Debug\LAB(다항식표현방법01).obj"
       Manifest:
         "Debug\LAB(다항식표현방법01).exe.embed.manifest" 파일을 삭제하고 있습니다.
         C:\Program Files (x86)\Microsoft SDKs\Windows\v7.0A\bin\mt.exe /nologo /verbose /out:"Debug\LAB(다항식표현방법01).exe.embed.manifest" /manifest "Debug\LAB(다항식표현방법01).exe.intermediate.manifest"
         C:\Program Files (x86)\Microsoft SDKs\Windows\v7.0A\bin\rc.exe /nologo /fo"Debug\LAB(다항식표현방법01).exe.embed.manifest.res" "Debug\LAB(다항식표현방법01)_manifest.rc" 
       LinkEmbedManifest:
         C:\Program Files (x86)\Microsoft Visual Studio 10.0\VC\bin\link.exe /ERRORREPORT:PROMPT /OUT:"C:\Users\User\Desktop\공부\문제해결기법\600LABHW(다항식)\Debug\LAB(다항식표현방법01).exe" /INCREMENTAL /NOLOGO kernel32.lib user32.lib gdi32.lib winspool.lib comdlg32.lib advapi32.lib shell32.lib ole32.lib oleaut32.lib uuid.lib odbc32.lib odbccp32.lib /MANIFEST /ManifestFile:"Debug\LAB(다항식표현방법01).exe.intermediate.manifest" /MANIFESTUAC:"level='asInvoker' uiAccess='false'" /DEBUG /PDB:"C:\Users\User\Desktop\공부\문제해결기법\600LABHW(다항식)\Debug\LAB(다항식표현방법01).pdb" /SUBSYSTEM:CONSOLE /TLBID:1 /DYNAMICBASE /NXCOMPAT /IMPLIB:"C:\Users\User\Desktop\공부\문제해결기법\600LABHW(다항식)\Debug\LAB(다항식표현방법01).lib" /MACHINE:X86 "Debug\LAB(다항식표현방법01).exe.embed.manifest.res"
         "Debug\LAB(다항식표현방법01).obj"
         LAB(다항식표현방법01).vcxproj -> C:\Users\User\Desktop\공부\문제해결기법\600LABHW(다항식)\Debug\LAB(다항식표현방법01).exe
       FinalizeBuildStatus:
         "Debug\LAB(다항식표현방법01).unsuccessfulbuild" 파일을 삭제하고 있습니다.
         "Debug\LAB(다항식표현방법01).lastbuildstate"에 연결(touching)하고 있습니다.
     1>"C:\Users\User\Desktop\공부\문제해결기법\600LABHW(다항식)\LAB(다항식표현방법01)\LAB(다항식표현방법01).vcxproj" 프로젝트를 빌드했습니다(rebuild 대상).

빌드했습니다.

경과 시간: 00:00:00.62
