C:\USERS\USER\DESKTOP\공부\문제해결기법\600LABHW(다항식)\DEBUG\LAB(다항식표현방법01).EXE
C:\USERS\USER\DESKTOP\공부\문제해결기법\600LABHW(다항식)\DEBUG\LAB(다항식표현방법01).ILK
C:\USERS\USER\DESKTOP\공부\문제해결기법\600LABHW(다항식)\DEBUG\LAB(다항식표현방법01).PDB
C:\Users\User\Desktop\공부\문제해결기법\600LABHW(다항식)\LAB(다항식표현방법01)\Debug\cl.command.1.tlog
C:\Users\User\Desktop\공부\문제해결기법\600LABHW(다항식)\LAB(다항식표현방법01)\Debug\CL.read.1.tlog
C:\Users\User\Desktop\공부\문제해결기법\600LABHW(다항식)\LAB(다항식표현방법01)\Debug\CL.write.1.tlog
C:\USERS\USER\DESKTOP\공부\문제해결기법\600LABHW(다항식)\LAB(다항식표현방법01)\DEBUG\LAB(다항식표현방법01).EXE.EMBED.MANIFEST
C:\USERS\USER\DESKTOP\공부\문제해결기법\600LABHW(다항식)\LAB(다항식표현방법01)\DEBUG\LAB(다항식표현방법01).EXE.EMBED.MANIFEST.RES
C:\USERS\USER\DESKTOP\공부\문제해결기법\600LABHW(다항식)\LAB(다항식표현방법01)\DEBUG\LAB(다항식표현방법01).EXE.INTERMEDIATE.MANIFEST
C:\USERS\USER\DESKTOP\공부\문제해결기법\600LABHW(다항식)\LAB(다항식표현방법01)\DEBUG\LAB(다항식표현방법01).OBJ
C:\Users\User\Desktop\공부\문제해결기법\600LABHW(다항식)\LAB(다항식표현방법01)\Debug\LAB(다항식표현방법01).vcxprojResolveAssemblyReference.cache
C:\Users\User\Desktop\공부\문제해결기법\600LABHW(다항식)\LAB(다항식표현방법01)\Debug\LAB(다항식표현방법01).write.1.tlog
C:\Users\User\Desktop\공부\문제해결기법\600LABHW(다항식)\LAB(다항식표현방법01)\Debug\LAB(다항식표현방법01)_manifest.rc
C:\Users\User\Desktop\공부\문제해결기법\600LABHW(다항식)\LAB(다항식표현방법01)\Debug\link.9188.read.1.tlog
C:\Users\User\Desktop\공부\문제해결기법\600LABHW(다항식)\LAB(다항식표현방법01)\Debug\link.9188.write.1.tlog
C:\Users\User\Desktop\공부\문제해결기법\600LABHW(다항식)\LAB(다항식표현방법01)\Debug\link.9188-cvtres.read.1.tlog
C:\Users\User\Desktop\공부\문제해결기법\600LABHW(다항식)\LAB(다항식표현방법01)\Debug\link.9188-cvtres.write.1.tlog
C:\Users\User\Desktop\공부\문제해결기법\600LABHW(다항식)\LAB(다항식표현방법01)\Debug\link.command.1.tlog
C:\Users\User\Desktop\공부\문제해결기법\600LABHW(다항식)\LAB(다항식표현방법01)\Debug\link.read.1.tlog
C:\Users\User\Desktop\공부\문제해결기법\600LABHW(다항식)\LAB(다항식표현방법01)\Debug\link.write.1.tlog
C:\Users\User\Desktop\공부\문제해결기법\600LABHW(다항식)\LAB(다항식표현방법01)\Debug\link-cvtres.read.1.tlog
C:\Users\User\Desktop\공부\문제해결기법\600LABHW(다항식)\LAB(다항식표현방법01)\Debug\link-cvtres.write.1.tlog
C:\Users\User\Desktop\공부\문제해결기법\600LABHW(다항식)\LAB(다항식표현방법01)\Debug\mt.command.1.tlog
C:\Users\User\Desktop\공부\문제해결기법\600LABHW(다항식)\LAB(다항식표현방법01)\Debug\mt.read.1.tlog
C:\Users\User\Desktop\공부\문제해결기법\600LABHW(다항식)\LAB(다항식표현방법01)\Debug\mt.write.1.tlog
C:\Users\User\Desktop\공부\문제해결기법\600LABHW(다항식)\LAB(다항식표현방법01)\Debug\rc.command.1.tlog
C:\Users\User\Desktop\공부\문제해결기법\600LABHW(다항식)\LAB(다항식표현방법01)\Debug\rc.read.1.tlog
C:\Users\User\Desktop\공부\문제해결기법\600LABHW(다항식)\LAB(다항식표현방법01)\Debug\rc.write.1.tlog
C:\Users\User\Desktop\공부\문제해결기법\600LABHW(다항식)\LAB(다항식표현방법01)\Debug\vc100.idb
C:\USERS\USER\DESKTOP\공부\문제해결기법\600LABHW(다항식)\LAB(다항식표현방법01)\DEBUG\VC100.PDB
