빌드 시작: 2017-05-13 오후 10:32:27
     1>2 노드의 "C:\Users\User\Desktop\공부\문제해결기법\420LABHW\LAB(mergeSort)\LAB(mergeSort).vcxproj" 프로젝트(build 대상)입니다.
     1>InitializeBuildStatus:
         "Debug\LAB(mergeSort).unsuccessfulbuild"에 연결(touching)하고 있습니다.
       ClCompile:
         C:\Program Files (x86)\Microsoft Visual Studio 10.0\VC\bin\CL.exe /c /ZI /nologo /W3 /WX- /Od /Oy- /D WIN32 /D _DEBUG /D _CONSOLE /D _UNICODE /D UNICODE /Gm /EHsc /RTC1 /MDd /GS /fp:precise /Zc:wchar_t /Zc:forScope /Fo"Debug\\" /Fd"Debug\vc100.pdb" /Gd /TC /analyze- /errorReport:prompt "LAB(mergeSort).c"
         LAB(mergeSort).c
     1>c:\users\user\desktop\공부\문제해결기법\420labhw\lab(mergesort)\lab(mergesort).c(11): warning C4244: '함수' : 'time_t'에서 'unsigned int'(으)로 변환하면서 데이터가 손실될 수 있습니다.
     1>c:\users\user\desktop\공부\문제해결기법\420labhw\lab(mergesort)\lab(mergesort).c(14): warning C4996: 'scanf': This function or variable may be unsafe. Consider using scanf_s instead. To disable deprecation, use _CRT_SECURE_NO_WARNINGS. See online help for details.
                 c:\program files (x86)\microsoft visual studio 10.0\vc\include\stdio.h(304) : 'scanf' 선언을 참조하십시오.
       ManifestResourceCompile:
         C:\Program Files (x86)\Microsoft SDKs\Windows\v7.0A\bin\rc.exe /nologo /fo"Debug\LAB(mergeSort).exe.embed.manifest.res" "Debug\LAB(mergeSort)_manifest.rc" 
       Link:
         C:\Program Files (x86)\Microsoft Visual Studio 10.0\VC\bin\link.exe /ERRORREPORT:PROMPT /OUT:"C:\Users\User\Desktop\공부\문제해결기법\420LABHW\Debug\LAB(mergeSort).exe" /INCREMENTAL /NOLOGO kernel32.lib user32.lib gdi32.lib winspool.lib comdlg32.lib advapi32.lib shell32.lib ole32.lib oleaut32.lib uuid.lib odbc32.lib odbccp32.lib /MANIFEST /ManifestFile:"Debug\LAB(mergeSort).exe.intermediate.manifest" /MANIFESTUAC:"level='asInvoker' uiAccess='false'" /DEBUG /PDB:"C:\Users\User\Desktop\공부\문제해결기법\420LABHW\Debug\LAB(mergeSort).pdb" /SUBSYSTEM:CONSOLE /TLBID:1 /DYNAMICBASE /NXCOMPAT /IMPLIB:"C:\Users\User\Desktop\공부\문제해결기법\420LABHW\Debug\LAB(mergeSort).lib" /MACHINE:X86 "Debug\LAB(mergeSort).exe.embed.manifest.res"
         "Debug\LAB(mergeSort).obj"
       Manifest:
         C:\Program Files (x86)\Microsoft SDKs\Windows\v7.0A\bin\mt.exe /nologo /verbose /out:"Debug\LAB(mergeSort).exe.embed.manifest" /manifest "Debug\LAB(mergeSort).exe.intermediate.manifest"
         C:\Program Files (x86)\Microsoft SDKs\Windows\v7.0A\bin\rc.exe /nologo /fo"Debug\LAB(mergeSort).exe.embed.manifest.res" "Debug\LAB(mergeSort)_manifest.rc" 
       LinkEmbedManifest:
         C:\Program Files (x86)\Microsoft Visual Studio 10.0\VC\bin\link.exe /ERRORREPORT:PROMPT /OUT:"C:\Users\User\Desktop\공부\문제해결기법\420LABHW\Debug\LAB(mergeSort).exe" /INCREMENTAL /NOLOGO kernel32.lib user32.lib gdi32.lib winspool.lib comdlg32.lib advapi32.lib shell32.lib ole32.lib oleaut32.lib uuid.lib odbc32.lib odbccp32.lib /MANIFEST /ManifestFile:"Debug\LAB(mergeSort).exe.intermediate.manifest" /MANIFESTUAC:"level='asInvoker' uiAccess='false'" /DEBUG /PDB:"C:\Users\User\Desktop\공부\문제해결기법\420LABHW\Debug\LAB(mergeSort).pdb" /SUBSYSTEM:CONSOLE /TLBID:1 /DYNAMICBASE /NXCOMPAT /IMPLIB:"C:\Users\User\Desktop\공부\문제해결기법\420LABHW\Debug\LAB(mergeSort).lib" /MACHINE:X86 "Debug\LAB(mergeSort).exe.embed.manifest.res"
         "Debug\LAB(mergeSort).obj"
         LAB(mergeSort).vcxproj -> C:\Users\User\Desktop\공부\문제해결기법\420LABHW\Debug\LAB(mergeSort).exe
       FinalizeBuildStatus:
         "Debug\LAB(mergeSort).unsuccessfulbuild" 파일을 삭제하고 있습니다.
         "Debug\LAB(mergeSort).lastbuildstate"에 연결(touching)하고 있습니다.
     1>"C:\Users\User\Desktop\공부\문제해결기법\420LABHW\LAB(mergeSort)\LAB(mergeSort).vcxproj" 프로젝트를 빌드했습니다(build 대상).

빌드했습니다.

경과 시간: 00:00:00.91
