빌드 시작: 2017-06-04 오후 4:36:06
     1>2 노드의 "C:\Users\User\Desktop\공부\문제해결기법\800LABHW(memo)\min_score_memo\min_score_memo.vcxproj" 프로젝트(build 대상)입니다.
     1>InitializeBuildStatus:
         "Debug\min_score_memo.unsuccessfulbuild"에 연결(touching)하고 있습니다.
       ClCompile:
         C:\Program Files (x86)\Microsoft Visual Studio 10.0\VC\bin\CL.exe /c /ZI /nologo /W3 /WX- /Od /Oy- /D WIN32 /D _DEBUG /D _CONSOLE /D _UNICODE /D UNICODE /Gm /EHsc /RTC1 /MDd /GS /fp:precise /Zc:wchar_t /Zc:forScope /Fo"Debug\\" /Fd"Debug\vc100.pdb" /Gd /TC /analyze- /errorReport:prompt min_score_memo.c
         min_score_memo.c
       ManifestResourceCompile:
         C:\Program Files (x86)\Microsoft SDKs\Windows\v7.0A\bin\rc.exe /nologo /fo"Debug\min_score_memo.exe.embed.manifest.res" Debug\min_score_memo_manifest.rc 
       Link:
         C:\Program Files (x86)\Microsoft Visual Studio 10.0\VC\bin\link.exe /ERRORREPORT:PROMPT /OUT:"C:\Users\User\Desktop\공부\문제해결기법\800LABHW(memo)\Debug\min_score_memo.exe" /INCREMENTAL /NOLOGO kernel32.lib user32.lib gdi32.lib winspool.lib comdlg32.lib advapi32.lib shell32.lib ole32.lib oleaut32.lib uuid.lib odbc32.lib odbccp32.lib /MANIFEST /ManifestFile:"Debug\min_score_memo.exe.intermediate.manifest" /MANIFESTUAC:"level='asInvoker' uiAccess='false'" /DEBUG /PDB:"C:\Users\User\Desktop\공부\문제해결기법\800LABHW(memo)\Debug\min_score_memo.pdb" /SUBSYSTEM:CONSOLE /TLBID:1 /DYNAMICBASE /NXCOMPAT /IMPLIB:"C:\Users\User\Desktop\공부\문제해결기법\800LABHW(memo)\Debug\min_score_memo.lib" /MACHINE:X86 Debug\min_score_memo.exe.embed.manifest.res
         Debug\min_score_memo.obj
       Manifest:
         C:\Program Files (x86)\Microsoft SDKs\Windows\v7.0A\bin\mt.exe /nologo /verbose /out:"Debug\min_score_memo.exe.embed.manifest" /manifest Debug\min_score_memo.exe.intermediate.manifest
         C:\Program Files (x86)\Microsoft SDKs\Windows\v7.0A\bin\rc.exe /nologo /fo"Debug\min_score_memo.exe.embed.manifest.res" Debug\min_score_memo_manifest.rc 
       LinkEmbedManifest:
         C:\Program Files (x86)\Microsoft Visual Studio 10.0\VC\bin\link.exe /ERRORREPORT:PROMPT /OUT:"C:\Users\User\Desktop\공부\문제해결기법\800LABHW(memo)\Debug\min_score_memo.exe" /INCREMENTAL /NOLOGO kernel32.lib user32.lib gdi32.lib winspool.lib comdlg32.lib advapi32.lib shell32.lib ole32.lib oleaut32.lib uuid.lib odbc32.lib odbccp32.lib /MANIFEST /ManifestFile:"Debug\min_score_memo.exe.intermediate.manifest" /MANIFESTUAC:"level='asInvoker' uiAccess='false'" /DEBUG /PDB:"C:\Users\User\Desktop\공부\문제해결기법\800LABHW(memo)\Debug\min_score_memo.pdb" /SUBSYSTEM:CONSOLE /TLBID:1 /DYNAMICBASE /NXCOMPAT /IMPLIB:"C:\Users\User\Desktop\공부\문제해결기법\800LABHW(memo)\Debug\min_score_memo.lib" /MACHINE:X86 Debug\min_score_memo.exe.embed.manifest.res
         Debug\min_score_memo.obj
         min_score_memo.vcxproj -> C:\Users\User\Desktop\공부\문제해결기법\800LABHW(memo)\Debug\min_score_memo.exe
       FinalizeBuildStatus:
         "Debug\min_score_memo.unsuccessfulbuild" 파일을 삭제하고 있습니다.
         "Debug\min_score_memo.lastbuildstate"에 연결(touching)하고 있습니다.
     1>"C:\Users\User\Desktop\공부\문제해결기법\800LABHW(memo)\min_score_memo\min_score_memo.vcxproj" 프로젝트를 빌드했습니다(build 대상).

빌드했습니다.

경과 시간: 00:00:00.70
